2022-07-06 16:31:20.647  INFO 7980 --- [main] c.s.bangbangla.BangbanglaApplication     : Starting BangbanglaApplication on Sallee_PC with PID 7980 (C:\Users\Sallee\Documents\code\java\bangbangla\bangbangla\target\classes started by Sallee in C:\Users\Sallee\Documents\code\java\bangbangla\bangbangla)
2022-07-06 16:31:20.662  INFO 7980 --- [main] c.s.bangbangla.BangbanglaApplication     : No active profile set, falling back to default profiles: default
2022-07-06 16:31:20.814  WARN 7980 --- [background-preinit] o.s.h.c.j.Jackson2ObjectMapperBuilder    : For Jackson Kotlin classes support please add "com.fasterxml.jackson.module:jackson-module-kotlin" to the classpath
2022-07-06 16:31:22.164  WARN 7980 --- [main] o.m.s.mapper.ClassPathMapperScanner      : No MyBatis mapper was found in '[com.sallee.bangbangla]' package. Please check your configuration.
2022-07-06 16:31:22.811  INFO 7980 --- [main] o.s.b.w.embedded.tomcat.TomcatWebServer  : Tomcat initialized with port(s): 9002 (http)
2022-07-06 16:31:22.831  INFO 7980 --- [main] o.apache.catalina.core.StandardService   : Starting service [Tomcat]
2022-07-06 16:31:22.833  INFO 7980 --- [main] org.apache.catalina.core.StandardEngine  : Starting Servlet engine: [Apache Tomcat/9.0.41]
2022-07-06 16:31:23.088  INFO 7980 --- [main] o.a.c.c.C.[Tomcat].[localhost].[/]       : Initializing Spring embedded WebApplicationContext
2022-07-06 16:31:23.090  INFO 7980 --- [main] w.s.c.ServletWebServerApplicationContext : Root WebApplicationContext: initialization completed in 2321 ms
2022-07-06 16:31:23.782  INFO 7980 --- [main] pertySourcedRequestMappingHandlerMapping : Mapped URL path [/v2/api-docs] onto method [springfox.documentation.swagger2.web.Swagger2ControllerWebMvc#getDocumentation(String, HttpServletRequest)]
2022-07-06 16:31:23.963  INFO 7980 --- [main] o.s.s.concurrent.ThreadPoolTaskExecutor  : Initializing ExecutorService 'applicationTaskExecutor'
2022-07-06 16:31:25.000  INFO 7980 --- [main] o.s.b.w.embedded.tomcat.TomcatWebServer  : Tomcat started on port(s): 9002 (http) with context path ''
2022-07-06 16:31:25.003  INFO 7980 --- [main] d.s.w.p.DocumentationPluginsBootstrapper : Documentation plugins bootstrapped
2022-07-06 16:31:25.017  INFO 7980 --- [main] d.s.w.p.DocumentationPluginsBootstrapper : Found 1 custom documentation plugin(s)
2022-07-06 16:31:25.129  INFO 7980 --- [main] s.d.s.w.s.ApiListingReferenceScanner     : Scanning for api listing references
2022-07-06 16:31:25.519  INFO 7980 --- [main] c.s.bangbangla.BangbanglaApplication     : Started BangbanglaApplication in 5.93 seconds (JVM running for 7.559)
2022-07-06 16:31:33.076  INFO 7980 --- [http-nio-9002-exec-1] o.a.c.c.C.[Tomcat].[localhost].[/]       : Initializing Spring DispatcherServlet 'dispatcherServlet'
2022-07-06 16:31:33.077  INFO 7980 --- [http-nio-9002-exec-1] o.s.web.servlet.DispatcherServlet        : Initializing Servlet 'dispatcherServlet'
2022-07-06 16:31:33.099  INFO 7980 --- [http-nio-9002-exec-1] o.s.web.servlet.DispatcherServlet        : Completed initialization in 20 ms
2022-07-06 17:23:10.610  INFO 7980 --- [SpringContextShutdownHook] o.s.s.concurrent.ThreadPoolTaskExecutor  : Shutting down ExecutorService 'applicationTaskExecutor'
